Arguments: 
  D:\Node\node.exe C:\Users\volcanic\AppData\Roaming\npm\node_modules\yarn\bin\yarn.js install

PATH: 
  C:\Windows\system32;C:\Windows;C:\Windows\System32\Wbem;C:\Windows\System32\WindowsPowerShell\v1.0\;C:\Windows\System32\OpenSSH\;D:\Node\;D:\Git\cmd;C:\Users\volcanic\AppData\Local\Microsoft\WindowsApps;C:\Users\volcanic\AppData\Roaming\npm

Yarn version: 
  1.22.19

Node version: 
  18.16.0

Platform: 
  win32 x64

Trace: 
  Error: connect ETIMEDOUT 10.205.174.200:443
      at TCPConnectWrap.afterConnect [as oncomplete] (node:net:1494:16)

npm manifest: 
  {
    "name": "root",
    "private": true,
    "workspaces": [
      "packages/*"
    ],
    "scripts": {
      "dev": "npx lerna run dev",
      "dev:web": "npx lerna run dev --scope=sugar-web",
      "dev:server": "npx lerna run dev --scope=sugar-server"
    },
    "devDependencies": {
      "lerna": "^6.5.1"
    }
  }

yarn manifest: 
  No manifest

Lockfile: 
  No lockfile
